[2025-07-24T14:41:53Z] Serveur de journalisation démarré
[2025-07-24T14:43:51Z] Serveur de journalisation démarré
[2025-07-24T15:40:20Z] Serveur de journalisation démarré
[2025-07-24T15:41:08Z] Client 1 connecté
[2025-07-24T15:41:17Z] Client 1 déconnecté
[2025-07-24T16:26:11Z] Serveur de journalisation démarré
[2025-07-24T16:26:50Z] Client 1 connecté
[2025-07-24T16:26:54Z] Client 1 déconnecté
[2025-07-25T08:41:08Z] Serveur de journalisation démarré
[2025-07-25T08:41:35Z] Client 1 connecté
[2025-07-25T08:41:38Z] Client 1: hello
[2025-07-25T08:42:00Z] Client 2 connecté
[2025-07-25T08:42:05Z] Client 2: bonjour
[2025-07-25T08:42:35Z] Client 1 déconnecté
[2025-07-25T08:42:42Z] Client 2 déconnecté
[2025-07-25T10:09:26Z] Serveur de journalisation démarré
[2025-07-25T10:58:04Z] Client 1 connecté
[2025-07-25T10:58:14Z] Client 1: bonjour
[2025-07-25T10:58:34Z] Client 2 connecté
[2025-07-25T10:58:40Z] Client 2: hey
[2025-07-25T10:58:44Z] Client 2 déconnecté
[2025-07-25T10:58:53Z] Client 1 déconnecté
